2017-04-17 07:57:35.068|INFO|checkVariable|/Volumes/schalllab/data/andy/andfef/Misc/Matlab/andfef_p.015 - FixSpotOn_
2017-04-17 07:57:35.125|INFO|checkVariable|/Volumes/schalllab/data/andy/andfef/Misc/Matlab/andfef_p.021 - FixSpotOn_
2017-04-17 07:57:35.158|INFO|checkVariable|/Volumes/schalllab/data/andy/andfef/Misc/Matlab/andfef_p.026 - FixSpotOn_
2017-04-17 07:57:35.205|INFO|checkVariable|/Volumes/schalllab/data/andy/andfef/Misc/Matlab/andfef_p.031 - FixSpotOn_
2017-04-17 07:57:35.239|INFO|checkVariable|/Volumes/schalllab/data/andy/andfef/Misc/Matlab/andfef_p.034 - FixSpotOn_
2017-04-17 07:57:35.265|INFO|checkVariable|/Volumes/schalllab/data/andy/andfef/Misc/Matlab/andfef_p.041 - FixSpotOn_
2017-04-17 07:57:35.289|INFO|checkVariable|/Volumes/schalllab/data/andy/andfef/Misc/Matlab/andfef_p.043 - FixSpotOn_
2017-04-17 07:57:35.329|INFO|checkVariable|/Volumes/schalllab/data/andy/andfef/Misc/Matlab/andfef_p.053 - FixSpotOn_
2017-04-17 07:57:35.386|INFO|checkVariable|/Volumes/schalllab/data/andy/andfef/Misc/Matlab/andfef_p.061 - FixSpotOn_
2017-04-17 07:57:35.411|INFO|checkVariable|/Volumes/schalllab/data/andy/andfef/Misc/Matlab/andfef_p.063 - FixSpotOn_
2017-04-17 07:57:35.472|INFO|checkVariable|/Volumes/schalllab/data/andy/andfef/Misc/Matlab/andfef_p.067 - FixSpotOn_
2017-04-17 07:57:35.551|INFO|checkVariable|/Volumes/schalllab/data/andy/andfef/Misc/Matlab/andfef_p.069 - FixSpotOn_
2017-04-17 07:57:35.585|INFO|checkVariable|/Volumes/schalllab/data/andy/andfef/Misc/Matlab/andfef_p.071 - FixSpotOn_
2017-04-17 07:57:35.641|INFO|checkVariable|/Volumes/schalllab/data/andy/andfef/Misc/Matlab/andfef_p.075 - FixSpotOn_
2017-04-17 07:57:35.659|INFO|checkVariable|/Volumes/schalllab/data/andy/andfef/Misc/Matlab/andfef_p.078 - FixSpotOn_
2017-04-17 07:57:35.717|INFO|checkVariable|/Volumes/schalllab/data/andy/andfef/Misc/Matlab/andfef_p.080 - FixSpotOn_
2017-04-17 07:57:35.756|INFO|checkVariable|/Volumes/schalllab/data/andy/andfef/Misc/Matlab/andfef_p.083 - FixSpotOn_
2017-04-17 07:57:35.768|INFO|checkVariable|/Volumes/schalllab/data/andy/andfef/Misc/Matlab/andfef_p.085 - FixSpotOn_
2017-04-17 07:57:35.807|INFO|checkVariable|/Volumes/schalllab/data/andy/andfef/Misc/Matlab/andfef_p.087 - FixSpotOn_
2017-04-17 07:57:35.828|INFO|checkVariable|/Volumes/schalllab/data/andy/andfef/Misc/Matlab/andfef_p.088 - FixSpotOn_
2017-04-17 07:57:35.847|INFO|checkVariable|/Volumes/schalllab/data/andy/andfef/Misc/Matlab/andfef_p.091 - FixSpotOn_
2017-04-17 07:57:35.903|INFO|checkVariable|/Volumes/schalllab/data/andy/andfef/Misc/Matlab/andfef_p.092 - FixSpotOn_
2017-04-17 07:57:35.935|INFO|checkVariable|/Volumes/schalllab/data/andy/andfef/Misc/Matlab/andfef_p.098 - FixSpotOn_
2017-04-17 07:57:35.947|INFO|checkVariable|/Volumes/schalllab/data/andy/andfef/Misc/Matlab/andfef_p.100 - FixSpotOn_
2017-04-17 07:57:35.970|INFO|checkVariable|/Volumes/schalllab/data/andy/andfef/Misc/Matlab/andfef_p.104 - FixSpotOn_
2017-04-17 07:57:36.004|INFO|checkVariable|/Volumes/schalllab/data/andy/andfef/Misc/Matlab/andfef_p.106 - FixSpotOn_
2017-04-17 07:57:36.033|INFO|checkVariable|/Volumes/schalllab/data/andy/andfef/Misc/Matlab/andfef_p.111 - FixSpotOn_
2017-04-17 07:57:36.045|INFO|checkVariable|/Volumes/schalllab/data/andy/andfef/Misc/Matlab/andfef_p.116 - FixSpotOn_
2017-04-17 07:57:36.058|INFO|checkVariable|/Volumes/schalllab/data/andy/andfef/Misc/Matlab/andfef_p.120 - FixSpotOn_
2017-04-17 07:57:36.066|INFO|checkVariable|/Volumes/schalllab/data/andy/andfef/Misc/Matlab/andfef_p.124 - FixSpotOn_
2017-04-17 07:57:36.111|INFO|checkVariable|/Volumes/schalllab/data/andy/andfef/Misc/Matlab/andfef_p.127 - FixSpotOn_
2017-04-17 07:57:36.149|INFO|checkVariable|/Volumes/schalllab/data/andy/andfef/Misc/Matlab/andfef_p.130 - FixSpotOn_
2017-04-17 07:57:36.191|INFO|checkVariable|/Volumes/schalllab/data/andy/andfef/Misc/Matlab/andfef_p.132 - FixSpotOn_
2017-04-17 07:57:36.240|INFO|checkVariable|/Volumes/schalllab/data/andy/andfef/Misc/Matlab/andfef_p.135 - FixSpotOn_
2017-04-17 07:57:36.267|INFO|checkVariable|/Volumes/schalllab/data/andy/andfef/Misc/Matlab/andfef_p.140 - FixSpotOn_
2017-04-17 07:57:36.310|INFO|checkVariable|/Volumes/schalllab/data/andy/andfef/Misc/Matlab/andfef_p.141 - FixSpotOn_
2017-04-17 07:57:36.334|INFO|checkVariable|/Volumes/schalllab/data/andy/andfef/Misc/Matlab/andfef_p.146 - FixSpotOn_
2017-04-17 07:57:36.364|INFO|checkVariable|/Volumes/schalllab/data/andy/andfef/Misc/Matlab/andfef_p.148 - FixSpotOn_
2017-04-17 07:57:36.396|INFO|checkVariable|/Volumes/schalllab/data/andy/andfef/Misc/Matlab/andfef_p.153 - FixSpotOn_
2017-04-17 07:57:36.406|INFO|checkVariable|/Volumes/schalllab/data/andy/andfef/Misc/Matlab/andfef_p.155 - FixSpotOn_
2017-04-17 07:57:36.445|INFO|checkVariable|/Volumes/schalllab/data/andy/andfef/Misc/Matlab/andfef_p.157 - FixSpotOn_
2017-04-17 07:57:36.477|INFO|checkVariable|/Volumes/schalllab/data/andy/andfef/Misc/Matlab/andfef_p.159 - FixSpotOn_
2017-04-17 07:57:36.500|INFO|checkVariable|/Volumes/schalllab/data/andy/andfef/Misc/Matlab/andfef_p.160 - FixSpotOn_
2017-04-17 07:57:36.531|INFO|checkVariable|/Volumes/schalllab/data/andy/andfef/Misc/Matlab/andfef_p.161 - FixSpotOn_
2017-04-17 07:57:36.542|INFO|checkVariable|/Volumes/schalllab/data/andy/andfef/Misc/Matlab/andfef_p.163 - FixSpotOn_
2017-04-17 07:57:36.560|INFO|checkVariable|/Volumes/schalllab/data/andy/andfef/Misc/Matlab/andfef_p.169 - FixSpotOn_
2017-04-17 07:57:36.601|INFO|checkVariable|/Volumes/schalllab/data/andy/andfef/Misc/Matlab/andfef_p.173 - FixSpotOn_
2017-04-17 07:57:36.613|INFO|checkVariable|/Volumes/schalllab/data/andy/andfef/Misc/Matlab/andfef_p.185 - FixSpotOn_
2017-04-17 07:57:36.635|INFO|checkVariable|/Volumes/schalllab/data/andy/andfef/Misc/Matlab/andfef_p.188 - FixSpotOn_
2017-04-17 07:57:36.645|INFO|checkVariable|/Volumes/schalllab/data/andy/andfef/Misc/Matlab/andfef_p.190 - FixSpotOn_
2017-04-17 07:57:36.672|INFO|checkVariable|/Volumes/schalllab/data/andy/andfef/Misc/Matlab/andfef_p.193 - FixSpotOn_
2017-04-17 07:57:36.683|INFO|checkVariable|/Volumes/schalllab/data/andy/andfef/Misc/Matlab/andfef_p.198 - FixSpotOn_
2017-04-17 07:57:36.694|INFO|checkVariable|/Volumes/schalllab/data/andy/andfef/Misc/Matlab/andfef_p.201 - FixSpotOn_
2017-04-17 07:57:36.714|INFO|checkVariable|/Volumes/schalllab/data/andy/andfef/Misc/Matlab/andfef_p.204 - FixSpotOn_
2017-04-17 07:57:36.738|INFO|checkVariable|/Volumes/schalllab/data/andy/andfef/Misc/Matlab/andfef_p.209 - FixSpotOn_
2017-04-17 07:57:36.764|INFO|checkVariable|/Volumes/schalllab/data/andy/andfef/Misc/Matlab/andfef_p.210 - FixSpotOn_
2017-04-17 07:57:36.787|INFO|checkVariable|/Volumes/schalllab/data/andy/andfef/Misc/Matlab/andfef_p.213 - FixSpotOn_
2017-04-17 07:57:36.811|INFO|checkVariable|/Volumes/schalllab/data/andy/andfef/Misc/Matlab/andfef_p.217 - FixSpotOn_
2017-04-17 07:57:36.823|INFO|checkVariable|/Volumes/schalllab/data/andy/andfef/Misc/Matlab/andfef_p.224 - FixSpotOn_
2017-04-17 07:57:36.858|INFO|checkVariable|/Volumes/schalllab/data/andy/andfef/Misc/Matlab/andfef_p.225 - FixSpotOn_
2017-04-17 07:57:36.883|INFO|checkVariable|/Volumes/schalllab/data/andy/andfef/Misc/Matlab/andfef_p.231 - FixSpotOn_
2017-04-17 07:57:36.894|INFO|checkVariable|/Volumes/schalllab/data/andy/andfef/Misc/Matlab/andfef_p.235 - FixSpotOn_
2017-04-17 07:57:36.905|INFO|checkVariable|/Volumes/schalllab/data/andy/andfef/Misc/Matlab/andfef_p.239 - FixSpotOn_
2017-04-17 07:57:36.924|INFO|checkVariable|/Volumes/schalllab/data/andy/andfef/Misc/Matlab/andfef_p.247 - FixSpotOn_
2017-04-17 07:57:36.960|INFO|checkVariable|/Volumes/schalllab/data/andy/andfef/Misc/Matlab/andfef_p.251 - FixSpotOn_
2017-04-17 07:57:36.975|INFO|checkVariable|/Volumes/schalllab/data/andy/andfef/Misc/Matlab/andfef_p.255 - FixSpotOn_
2017-04-17 07:57:37.002|INFO|checkVariable|/Volumes/schalllab/data/andy/andfef/Misc/Matlab/andfef_p.257 - FixSpotOn_
2017-04-17 07:57:37.016|INFO|checkVariable|/Volumes/schalllab/data/andy/andfef/Misc/Matlab/andfef_p.263 - FixSpotOn_
2017-04-17 07:57:37.059|INFO|checkVariable|/Volumes/schalllab/data/andy/andfef/Misc/Matlab/andfef_p.264 - FixSpotOn_
2017-04-17 07:57:37.070|INFO|checkVariable|/Volumes/schalllab/data/andy/andfef/Misc/Matlab/andfef_p.267 - FixSpotOn_
2017-04-17 07:57:37.099|INFO|checkVariable|/Volumes/schalllab/data/andy/andfef/Misc/Matlab/andfef_p.272 - FixSpotOn_
2017-04-17 07:57:37.109|INFO|checkVariable|/Volumes/schalllab/data/andy/andfef/Misc/Matlab/andfef_p.274 - FixSpotOn_
2017-04-17 07:57:37.121|INFO|checkVariable|/Volumes/schalllab/data/andy/andfef/Misc/Matlab/andfef_p.278 - FixSpotOn_
2017-04-17 07:57:37.134|INFO|checkVariable|/Volumes/schalllab/data/andy/andfef/Misc/Matlab/andfef_p.283 - FixSpotOn_
2017-04-17 07:57:37.158|INFO|checkVariable|/Volumes/schalllab/data/andy/andfef/Misc/Matlab/andfef_p.289 - FixSpotOn_
2017-04-17 07:57:37.167|INFO|checkVariable|/Volumes/schalllab/data/andy/andfef/Misc/Matlab/andfef_p.294 - FixSpotOn_
2017-04-17 07:57:37.178|INFO|checkVariable|/Volumes/schalllab/data/andy/andfef/Misc/Matlab/andfef_p.499 - FixSpotOn_
2017-04-17 07:57:37.192|INFO|checkVariable|/Volumes/schalllab/data/andy/andfef/Misc/Matlab/andfef_p.999 - FixSpotOn_
2017-04-17 07:57:37.210|INFO|checkVariable|/Volumes/schalllab/data/chase/chafef/Matlab/chafef_p.002 - FixSpotOn_
2017-04-17 07:57:37.233|INFO|checkVariable|/Volumes/schalllab/data/chase/chafef/Matlab/chafef_p.006 - FixSpotOn_
2017-04-17 07:57:37.260|INFO|checkVariable|/Volumes/schalllab/data/chase/chafef/Matlab/chafef_p.012 - FixSpotOn_
2017-04-17 07:57:37.285|INFO|checkVariable|/Volumes/schalllab/data/chase/chafef/Matlab/chafef_p.023 - FixSpotOn_
2017-04-17 07:57:37.305|INFO|checkVariable|/Volumes/schalllab/data/chase/chafef/Matlab/chafef_p.028 - FixSpotOn_
2017-04-17 07:57:37.325|INFO|checkVariable|/Volumes/schalllab/data/chase/chafef/Matlab/chafef_p.033 - FixSpotOn_
2017-04-17 07:57:37.345|INFO|checkVariable|/Volumes/schalllab/data/chase/chafef/Matlab/chafef_p.042 - FixSpotOn_
2017-04-17 07:57:37.361|INFO|checkVariable|/Volumes/schalllab/data/chase/chafef/Matlab/chafef_p.049 - FixSpotOn_
2017-04-17 07:57:37.375|INFO|checkVariable|/Volumes/schalllab/data/chase/chafef/Matlab/chafef_p.057 - FixSpotOn_
2017-04-17 07:57:37.392|INFO|checkVariable|/Volumes/schalllab/data/chase/chafef/Matlab/chafef_p.061 - FixSpotOn_
2017-04-17 07:57:37.407|INFO|checkVariable|/Volumes/schalllab/data/chase/chafef/Matlab/chafef_p.071 - FixSpotOn_
2017-04-17 07:57:37.423|INFO|checkVariable|/Volumes/schalllab/data/chase/chafef/Matlab/chafef_p.088 - FixSpotOn_
2017-04-17 07:57:37.442|INFO|checkVariable|/Volumes/schalllab/data/chase/chafef/Matlab/chafef_p.102 - FixSpotOn_
2017-04-17 07:57:37.462|INFO|checkVariable|/Volumes/schalllab/data/chase/chafef/Matlab/chafef_p.120 - FixSpotOn_
2017-04-17 07:57:37.479|INFO|checkVariable|/Volumes/schalllab/data/chase/chafef/Matlab/chafef_p.136 - FixSpotOn_
2017-04-17 07:57:37.487|INFO|checkVariable|/Volumes/schalllab/data/chase/chafef/Matlab/chafef_p.150 - FixSpotOn_
2017-04-17 07:57:37.505|INFO|checkVariable|/Volumes/schalllab/data/chase/chafef/Matlab/chafef_p.151 - FixSpotOn_
2017-04-17 07:57:37.520|INFO|checkVariable|/Volumes/schalllab/data/chase/chafef/Matlab/chafef_p.153 - FixSpotOn_
2017-04-17 07:57:37.535|INFO|checkVariable|/Volumes/schalllab/data/chase/chafef/Matlab/chafef_p.166 - FixSpotOn_
2017-04-17 07:57:37.550|INFO|checkVariable|/Volumes/schalllab/data/chase/chafef/Matlab/chafef_p.167 - FixSpotOn_
2017-04-17 07:57:37.566|INFO|checkVariable|/Volumes/schalllab/data/chase/chafef/Matlab/chafef_p.174 - FixSpotOn_
2017-04-17 07:57:37.578|INFO|checkVariable|/Volumes/schalllab/data/chase/chafef/Matlab/chafef_p.181 - FixSpotOn_
2017-04-17 07:57:37.613|INFO|checkVariable|/Volumes/schalllab/data/chase/chafef/Matlab/chafef_p.191 - FixSpotOn_
2017-04-17 07:57:37.647|INFO|checkVariable|/Volumes/schalllab/data/chase/chafef/Matlab/chafef_p.201 - FixSpotOn_
2017-04-17 07:57:37.682|INFO|checkVariable|/Volumes/schalllab/data/chase/chafef/Matlab/chafef_p.207 - FixSpotOn_
2017-04-17 07:57:37.696|INFO|checkVariable|/Volumes/schalllab/data/chase/chafef/Matlab/chafef_p.213 - FixSpotOn_
2017-04-17 07:57:37.747|INFO|checkVariable|/Volumes/schalllab/data/chase/chafef/Matlab/chafef_p.217 - FixSpotOn_
2017-04-17 07:57:37.787|INFO|checkVariable|/Volumes/schalllab/data/chase/chafef/Matlab/chafef_p.223 - FixSpotOn_
2017-04-17 07:57:37.814|INFO|checkVariable|/Volumes/schalllab/data/chase/chafef/Matlab/chafef_p.236 - FixSpotOn_
2017-04-17 07:57:37.856|INFO|checkVariable|/Volumes/schalllab/data/chase/chafef/Matlab/chafef_p.241 - FixSpotOn_
2017-04-17 07:57:37.881|INFO|checkVariable|/Volumes/schalllab/data/chase/chafef/Matlab/chafef_p.251 - FixSpotOn_
2017-04-17 07:57:37.914|INFO|checkVariable|/Volumes/schalllab/data/chase/chafef/Matlab/chafef_p.256 - FixSpotOn_
2017-04-17 07:57:37.925|INFO|checkVariable|/Volumes/schalllab/data/chase/chafef/Matlab/chafef_p.261 - FixSpotOn_
2017-04-17 07:57:37.935|INFO|checkVariable|/Volumes/schalllab/data/chase/chafef/Matlab/chafef_p.283 - FixSpotOn_
2017-04-17 07:57:37.948|INFO|checkVariable|/Volumes/schalllab/data/chase/chafef/Matlab/chafef_p.287 - FixSpotOn_
2017-04-17 07:57:37.971|INFO|checkVariable|/Volumes/schalllab/data/chase/chafef/Matlab/chafef_p.293 - FixSpotOn_
2017-04-17 07:57:37.980|INFO|checkVariable|/Volumes/schalllab/data/chase/chafef/Matlab/chafef_p.298 - FixSpotOn_
2017-04-17 07:57:37.990|INFO|checkVariable|/Volumes/schalllab/data/chase/chafef/Matlab/chafef_p.304 - FixSpotOn_
2017-04-17 07:57:38.000|INFO|checkVariable|/Volumes/schalllab/data/chase/chafef/Matlab/chafef_p.308 - FixSpotOn_
2017-04-17 07:57:38.020|INFO|checkVariable|/Volumes/schalllab/data/chase/chafef/Matlab/chafef_p.312 - FixSpotOn_
2017-04-17 07:57:38.044|INFO|checkVariable|/Volumes/schalllab/data/chase/chafef/Matlab/chafef_p.315 - FixSpotOn_
2017-04-17 07:57:38.053|INFO|checkVariable|/Volumes/schalllab/data/chase/chafef/Matlab/chafef_p.319 - FixSpotOn_
2017-04-17 07:57:38.086|INFO|checkVariable|/Volumes/schalllab/data/chase/chafef/Matlab/chafef_p.321 - FixSpotOn_
2017-04-17 07:57:38.097|INFO|checkVariable|/Volumes/schalllab/data/chase/chafef/Matlab/chafef_p.323 - FixSpotOn_
2017-04-17 07:57:38.107|INFO|checkVariable|/Volumes/schalllab/data/chase/chafef/Matlab/chafef_p.325 - FixSpotOn_
2017-04-17 07:57:38.132|INFO|checkVariable|/Volumes/schalllab/data/chase/chafef/Matlab/chafef_p.335 - FixSpotOn_
2017-04-17 07:57:38.170|INFO|checkVariable|/Volumes/schalllab/data/chase/chafef/Matlab/chafef_p.337 - FixSpotOn_
2017-04-17 07:57:38.196|INFO|checkVariable|/Volumes/schalllab/data/chase/chafef/Matlab/chafef_p.341 - FixSpotOn_
2017-04-17 07:57:38.217|INFO|checkVariable|/Volumes/schalllab/data/chase/chafef/Matlab/chafef_p.343 - FixSpotOn_
2017-04-17 07:57:38.234|INFO|checkVariable|/Volumes/schalllab/data/chase/chafef/Matlab/chafef_p.346 - FixSpotOn_
2017-04-17 07:57:38.256|INFO|checkVariable|/Volumes/schalllab/data/chase/chafef/Matlab/chafef_p.350 - FixSpotOn_
2017-04-17 07:57:38.267|INFO|checkVariable|/Volumes/schalllab/data/chase/chafef/Matlab/chafef_p.354 - FixSpotOn_
2017-04-17 07:57:38.289|INFO|checkVariable|/Volumes/schalllab/data/chase/chafef/Matlab/chafef_p.356 - FixSpotOn_
2017-04-17 07:57:38.311|INFO|checkVariable|/Volumes/schalllab/data/chase/chafef/Matlab/chafef_p.357 - FixSpotOn_
2017-04-17 07:57:38.351|INFO|checkVariable|/Volumes/schalllab/data/chase/chafef/Matlab/chafef_p.358 - FixSpotOn_
2017-04-17 07:57:38.376|INFO|checkVariable|/Volumes/schalllab/data/chase/chafef/Matlab/chafef_p.362 - FixSpotOn_
2017-04-17 07:57:38.418|INFO|checkVariable|/Volumes/schalllab/data/chase/chafef/Matlab/chafef_p.365 - FixSpotOn_
2017-04-17 07:57:38.449|INFO|checkVariable|/Volumes/schalllab/data/chase/chafef/Matlab/chafef_p.368 - FixSpotOn_
2017-04-17 07:57:38.480|INFO|checkVariable|/Volumes/schalllab/data/chase/chafef/Matlab/chafef_p.371 - FixSpotOn_
2017-04-17 07:57:38.507|INFO|checkVariable|/Volumes/schalllab/data/chase/chafef/Matlab/chafef_p.374 - FixSpotOn_
2017-04-17 07:57:38.562|INFO|checkVariable|/Volumes/schalllab/data/chase/chafef/Matlab/chafef_p.376 - FixSpotOn_
2017-04-17 07:57:38.646|INFO|checkVariable|/Volumes/schalllab/data/chase/chafef/Matlab/chafef_p.379 - FixSpotOn_
2017-04-17 07:57:38.659|INFO|checkVariable|/Volumes/schalllab/data/chase/chafef/Matlab/chafef_p.383 - FixSpotOn_
2017-04-17 07:57:38.708|INFO|checkVariable|/Volumes/schalllab/data/chase/chafef/Matlab/chafef_p.385 - FixSpotOn_
2017-04-17 07:57:38.736|INFO|checkVariable|/Volumes/schalllab/data/chase/chafef/Matlab/chafef_p.388 - FixSpotOn_
2017-04-17 07:57:38.784|INFO|checkVariable|/Volumes/schalllab/data/chase/chafef/Matlab/chafef_p.390 - FixSpotOn_
2017-04-17 07:57:38.815|INFO|checkVariable|/Volumes/schalllab/data/chase/chafef/Matlab/chafef_p.393 - FixSpotOn_
2017-04-17 07:57:38.835|INFO|checkVariable|/Volumes/schalllab/data/chase/chafef/Matlab/chafef_p.394 - FixSpotOn_
2017-04-17 07:57:38.870|INFO|checkVariable|/Volumes/schalllab/data/chase/chafef/Matlab/chafef_p.396 - FixSpotOn_
2017-04-17 07:57:38.888|INFO|checkVariable|/Volumes/schalllab/data/chase/chafef/Matlab/chafef_p.398 - FixSpotOn_
2017-04-17 07:57:38.910|INFO|checkVariable|/Volumes/schalllab/data/chase/chafef/Matlab/chafef_p.400 - FixSpotOn_
2017-04-17 07:57:38.921|INFO|checkVariable|/Volumes/schalllab/data/chase/chafef/Matlab/chafef_p.402 - FixSpotOn_
2017-04-17 07:57:38.946|INFO|checkVariable|/Volumes/schalllab/data/chase/chafef/Matlab/chafef_p.404 - FixSpotOn_
2017-04-17 07:57:38.974|INFO|checkVariable|/Volumes/schalllab/data/chase/chafef/Matlab/chafef_p.405 - FixSpotOn_
2017-04-17 07:57:39.014|INFO|checkVariable|/Volumes/schalllab/data/chase/chafef/Matlab/chafef_p.407 - FixSpotOn_
2017-04-17 07:57:39.045|INFO|checkVariable|/Volumes/schalllab/data/chase/chafef/Matlab/chafef_p.414 - FixSpotOn_
2017-04-17 07:57:39.072|INFO|checkVariable|/Volumes/schalllab/data/chase/chafef/Matlab/chafef_p.415 - FixSpotOn_
2017-04-17 07:57:39.088|INFO|checkVariable|/Volumes/schalllab/data/chase/chafef/Matlab/chafef_p.417 - FixSpotOn_
2017-04-17 07:57:39.098|INFO|checkVariable|/Volumes/schalllab/data/Darwin/SAT/Matlab/D20130807005-RH_MG.mat - FixOn_
2017-04-17 07:57:39.242|INFO|checkVariable|/Volumes/schalllab/data/Darwin/SAT/Matlab/D20130820002-RH_MG.mat - FixOn_
2017-04-17 07:57:39.382|INFO|checkVariable|/Volumes/schalllab/data/Darwin/SAT/Matlab/D20130822001-RH_MG.mat - FixOn_
2017-04-17 07:57:39.534|INFO|checkVariable|/Volumes/schalllab/data/Darwin/SAT/Matlab/D20130828001-RH_MG.mat - FixOn_
2017-04-17 07:57:39.656|INFO|checkVariable|/Volumes/schalllab/data/Darwin/SAT/Matlab/D20130830001-RH_MG.mat - FixOn_
2017-04-17 07:57:39.818|INFO|checkVariable|/Volumes/schalllab/data/Darwin/SAT/Matlab/D20130905001-RH_MG.mat - FixOn_
2017-04-17 07:57:39.972|INFO|checkVariable|/Volumes/schalllab/data/Darwin/SAT/Matlab/D20130910001-RH_MG.mat - FixOn_
2017-04-17 07:57:40.126|INFO|checkVariable|/Volumes/schalllab/data/Darwin/SAT/Matlab/D20130913001-RH_MG.mat - FixOn_
2017-04-17 07:57:40.387|INFO|checkVariable|/Volumes/schalllab/data/Darwin/SAT/Matlab/D20130926001-RH_MG.mat - FixOn_
2017-04-17 07:57:40.406|INFO|checkVariable|/Volumes/schalllab/data/Euler/SAT/Matlab/E20130801002-RH_MG.mat - FixOn_
2017-04-17 07:57:40.597|INFO|checkVariable|/Volumes/schalllab/data/Euler/SAT/Matlab/E20130823001-RH_MG.mat - FixOn_
2017-04-17 07:57:40.796|INFO|checkVariable|/Volumes/schalllab/data/Euler/SAT/Matlab/E20130827001-RH_MG.mat - FixOn_
2017-04-17 07:57:40.988|INFO|checkVariable|/Volumes/schalllab/data/Euler/SAT/Matlab/E20130829001-RH_MG.mat - FixOn_
2017-04-17 07:57:41.100|INFO|checkVariable|/Volumes/schalllab/data/Euler/SAT/Matlab/E20130904001-RH_MG.mat - FixOn_
2017-04-17 07:57:41.261|INFO|checkVariable|/Volumes/schalllab/data/Euler/SAT/Matlab/E20130909001-RH_MG.mat - FixOn_
2017-04-17 07:57:41.515|INFO|checkVariable|/Volumes/schalllab/data/Euler/SAT/Matlab/E20130911001-RH_MG.mat - FixOn_
2017-04-17 07:57:41.536|INFO|checkVariable|/Volumes/schalllab/data/Fechner/fecfef/MatlabDataFiles/fecfef_m152.mat - FixSpotOn_
2017-04-17 07:57:41.626|INFO|checkVariable|/Volumes/schalllab/data/Fechner/fecfef/MatlabDataFiles/fecfef_m156.mat - FixSpotOn_
2017-04-17 07:57:41.700|INFO|checkVariable|/Volumes/schalllab/data/Fechner/fecfef/MatlabDataFiles/fecfef_m158.mat - FixSpotOn_
2017-04-17 07:57:41.786|INFO|checkVariable|/Volumes/schalllab/data/Fechner/fecfef/MatlabDataFiles/fecfef_m161.mat - FixSpotOn_
2017-04-17 07:57:41.897|INFO|checkVariable|/Volumes/schalllab/data/Fechner/fecfef/MatlabDataFiles/fecfef_m164.mat - FixSpotOn_
2017-04-17 07:57:42.008|INFO|checkVariable|/Volumes/schalllab/data/Fechner/fecfef/MatlabDataFiles/fecfef_m166.mat - FixSpotOn_
2017-04-17 07:57:42.135|INFO|checkVariable|/Volumes/schalllab/data/Fechner/fecfef/MatlabDataFiles/fecfef_m171.mat - FixSpotOn_
2017-04-17 07:57:42.251|INFO|checkVariable|/Volumes/schalllab/data/Fechner/fecfef/MatlabDataFiles/fecfef_m174.mat - FixSpotOn_
2017-04-17 07:57:42.289|INFO|checkVariable|/Volumes/schalllab/data/Fechner/fecfef/MatlabDataFiles/fecfef_m176.mat - FixSpotOn_
2017-04-17 07:57:42.314|INFO|checkVariable|/Volumes/schalllab/data/Fechner/fecfef/MatlabDataFiles/fecfef_m178.mat - FixSpotOn_
2017-04-17 07:57:42.420|INFO|checkVariable|/Volumes/schalllab/data/Fechner/fecfef/MatlabDataFiles/fecfef_m180.mat - FixSpotOn_
2017-04-17 07:57:42.530|INFO|checkVariable|/Volumes/schalllab/data/Fechner/fecfef/MatlabDataFiles/fecfef_m182.mat - FixSpotOn_
2017-04-17 07:57:42.571|INFO|checkVariable|/Volumes/schalllab/data/Fechner/fecfef/MatlabDataFiles/fecfef_m185.mat - FixSpotOn_
2017-04-17 07:57:42.643|INFO|checkVariable|/Volumes/schalllab/data/Fechner/fecfef/MatlabDataFiles/fecfef_m191.mat - FixSpotOn_
2017-04-17 07:57:42.673|INFO|checkVariable|/Volumes/schalllab/data/Fechner/fecfef/MatlabDataFiles/fecfef_m198.mat - FixSpotOn_
2017-04-17 07:57:42.687|INFO|checkVariable|/Volumes/schalllab/data/Fechner/fecfef/MatlabDataFiles/fecfef_m200.mat - FixSpotOn_
2017-04-17 07:57:42.701|INFO|checkVariable|/Volumes/schalllab/data/Fechner/fecfef/MatlabDataFiles/fecfef_m204.mat - FixSpotOn_
2017-04-17 07:57:42.719|INFO|checkVariable|/Volumes/schalllab/data/Fechner/fecfef/MatlabDataFiles/fecfef_m210.mat - FixSpotOn_
2017-04-17 07:57:42.735|INFO|checkVariable|/Volumes/schalllab/data/Fechner/fecfef/MatlabDataFiles/fecfef_m216.mat - FixSpotOn_
2017-04-17 07:57:42.760|INFO|checkVariable|/Volumes/schalllab/data/Fechner/fecfef/MatlabDataFiles/fecfef_m220.mat - FixSpotOn_
2017-04-17 07:57:42.770|INFO|checkVariable|/Volumes/schalllab/data/Fechner/fecfef/MatlabDataFiles/fecfef_m221.mat - FixSpotOn_
2017-04-17 07:57:42.786|INFO|checkVariable|/Volumes/schalllab/data/Fechner/fecfef/MatlabDataFiles/fecfef_m224.mat - FixSpotOn_
2017-04-17 07:57:42.800|INFO|checkVariable|/Volumes/schalllab/data/Fechner/fecfef/MatlabDataFiles/fecfef_m227.mat - FixSpotOn_
2017-04-17 07:57:42.818|INFO|checkVariable|/Volumes/schalllab/data/Fechner/fecfef/MatlabDataFiles/fecfef_m231.mat - FixSpotOn_
2017-04-17 07:57:42.831|INFO|checkVariable|/Volumes/schalllab/data/Fechner/fecfef/MatlabDataFiles/fecfef_m234.mat - FixSpotOn_
2017-04-17 07:57:42.850|INFO|checkVariable|/Volumes/schalllab/data/Fechner/fecfef/MatlabDataFiles/fecfef_m238.mat - FixSpotOn_
2017-04-17 07:57:42.890|INFO|checkVariable|/Volumes/schalllab/data/Fechner/fecfef/MatlabDataFiles/fecfef_m242.mat - FixSpotOn_
2017-04-17 07:57:42.908|INFO|checkVariable|/Volumes/schalllab/data/Fechner/fecfef/MatlabDataFiles/fecfef_m252.mat - FixSpotOn_
2017-04-17 07:57:42.931|INFO|checkVariable|/Volumes/schalllab/data/Fechner/fecfef/MatlabDataFiles/fecfef_m256.mat - FixSpotOn_
2017-04-17 07:57:42.951|INFO|checkVariable|/Volumes/schalllab/data/Fechner/fecfef/MatlabDataFiles/fecfef_m261.mat - FixSpotOn_
2017-04-17 07:57:42.964|INFO|checkVariable|/Volumes/schalllab/data/Fechner/fecfef/MatlabDataFiles/fecfef_m268.mat - FixSpotOn_
2017-04-17 07:57:42.995|INFO|checkVariable|/Volumes/schalllab/data/Fechner/fecfef/MatlabDataFiles/fecfef_m273.mat - FixSpotOn_
2017-04-17 07:57:43.679|INFO|checkVariable|/Volumes/schalllab/data/Joule/jp001n03.mat - fixOn
2017-04-17 07:57:44.189|INFO|checkVariable|/Volumes/schalllab/data/Joule/jp002n03.mat - fixOn
2017-04-17 07:57:44.858|INFO|checkVariable|/Volumes/schalllab/data/Joule/jp003n03.mat - fixOn
2017-04-17 07:57:45.559|INFO|checkVariable|/Volumes/schalllab/data/Joule/jp004n03.mat - fixOn
2017-04-17 07:57:46.203|INFO|checkVariable|/Volumes/schalllab/data/Joule/jp005n03.mat - fixOn
2017-04-17 07:57:46.757|INFO|checkVariable|/Volumes/schalllab/data/Joule/jp007n03.mat - fixOn
2017-04-17 07:57:47.478|INFO|checkVariable|/Volumes/schalllab/data/Joule/jp008n03.mat - fixOn
2017-04-17 07:57:48.300|INFO|checkVariable|/Volumes/schalllab/data/Joule/jp009n05.mat - fixOn
2017-04-17 07:57:49.754|INFO|checkVariable|/Volumes/schalllab/data/Joule/jp011n01.mat - fixOn
2017-04-17 07:57:50.416|INFO|checkVariable|/Volumes/schalllab/data/Joule/jp013n03.mat - fixOn
2017-04-17 07:57:51.088|INFO|checkVariable|/Volumes/schalllab/data/Joule/jp014n02.mat - fixOn
2017-04-17 07:57:51.774|INFO|checkVariable|/Volumes/schalllab/data/Joule/jp016n05.mat - fixOn
2017-04-17 07:57:51.966|INFO|checkVariable|/Volumes/schalllab/data/Joule/jp101n01.mat - fixOn
2017-04-17 07:57:51.996|INFO|checkVariable|/Volumes/schalllab/data/Quincy/SAT/Matlab/Q012111001-RH_MG.mat - 
2017-04-17 07:57:52.120|INFO|checkVariable|/Volumes/schalllab/data/Quincy/SAT/Matlab/Q012311001-RH_MG.mat - 
2017-04-17 07:57:52.249|INFO|checkVariable|/Volumes/schalllab/data/Quincy/SAT/Matlab/Q012611001-RH_MG.mat - 
2017-04-17 07:57:52.346|INFO|checkVariable|/Volumes/schalllab/data/Quincy/SAT/Matlab/Q020611001-RH_MG.mat - 
2017-04-17 07:57:52.478|INFO|checkVariable|/Volumes/schalllab/data/Quincy/SAT/Matlab/Q022011001-RH_MG.mat - 
2017-04-17 07:57:52.547|INFO|checkVariable|/Volumes/schalllab/data/Quincy/SAT/Matlab/Q102010001_MG.mat - 
2017-04-17 07:57:52.606|INFO|checkVariable|/Volumes/schalllab/data/Quincy/SAT/Matlab/Q102010003_MG.mat - 
2017-04-17 07:57:52.679|INFO|checkVariable|/Volumes/schalllab/data/Quincy/SAT/Matlab/Q102210001_MG.mat - 
2017-04-17 07:57:52.794|INFO|checkVariable|/Volumes/schalllab/data/Quincy/SAT/Matlab/Q102510001-RH_MG.mat - 
2017-04-17 07:57:52.909|INFO|checkVariable|/Volumes/schalllab/data/Quincy/SAT/Matlab/Q102710001-RH_MG.mat - 
2017-04-17 07:57:53.020|INFO|checkVariable|/Volumes/schalllab/data/Quincy/SAT/Matlab/Q110210001-RH_MG.mat - 
2017-04-17 07:57:53.149|INFO|checkVariable|/Volumes/schalllab/data/Quincy/SAT/Matlab/Q110210002-RH_MG.mat - 
2017-04-17 07:57:53.257|INFO|checkVariable|/Volumes/schalllab/data/Quincy/SAT/Matlab/Q110910001-RH_MG.mat - 
2017-04-17 07:57:53.363|INFO|checkVariable|/Volumes/schalllab/data/Quincy/SAT/Matlab/Q111110001-RH_MG.mat - 
2017-04-17 07:57:53.479|INFO|checkVariable|/Volumes/schalllab/data/Quincy/SAT/Matlab/Q113010001-RH_MG.mat - 
2017-04-17 07:57:53.571|INFO|checkVariable|/Volumes/schalllab/data/Quincy/SAT/Matlab/Q120210002-RH_MG.mat - 
2017-04-17 07:57:53.656|INFO|checkVariable|/Volumes/schalllab/data/Quincy/SAT/Matlab/Q120710001-RH_MG.mat - 
2017-04-17 07:57:53.741|INFO|checkVariable|/Volumes/schalllab/data/Quincy/SAT/Matlab/Q121010001-RH_MG.mat - 
2017-04-17 07:57:53.861|INFO|checkVariable|/Volumes/schalllab/data/Quincy/SAT/Matlab/Q121510001-RH_MG.mat - 
2017-04-17 07:57:53.931|INFO|checkVariable|/Volumes/schalllab/data/Quincy/SAT/Matlab/Q121910001-RH_MG.mat - 
2017-04-17 07:57:53.972|INFO|checkVariable|/Volumes/schalllab/data/Quincy/SAT_SEF/Matlab/Q050712001-RH_MG.mat - FixOn_
2017-04-17 07:57:54.085|INFO|checkVariable|/Volumes/schalllab/data/Quincy/SAT_SEF/Matlab/Q051012001-RH_MG.mat - FixOn_
2017-04-17 07:57:54.261|INFO|checkVariable|/Volumes/schalllab/data/Quincy/SAT_SEF/Matlab/Q051512001-RH_MG.mat - FixOn_
2017-04-17 07:57:54.354|INFO|checkVariable|/Volumes/schalllab/data/Quincy/SAT_SEF/Matlab/Q051712001-RH_MG.mat - FixOn_
2017-04-17 07:57:54.445|INFO|checkVariable|/Volumes/schalllab/data/Quincy/SAT_SEF/Matlab/Q062812001-RH_MG.mat - FixOn_
2017-04-17 07:57:54.497|INFO|checkVariable|/Volumes/schalllab/data/Quincy/TL/Matlab/Q020608001-JC_MG.mat - FixOn_
2017-04-17 07:57:54.532|INFO|checkVariable|/Volumes/schalllab/data/Quincy/TL/Matlab/Q020708001-JC_MG.mat - FixOn_
2017-04-17 07:57:54.576|INFO|checkVariable|/Volumes/schalllab/data/Quincy/TL/Matlab/Q022208001-JC_MG.mat - FixOn_
2017-04-17 07:57:54.630|INFO|checkVariable|/Volumes/schalllab/data/Quincy/TL/Matlab/Q022508001-JC_MG.mat - FixOn_
2017-04-17 07:57:54.657|INFO|checkVariable|/Volumes/schalllab/data/Quincy/TL/Matlab/Q030706001-JC_MG.mat - FixOn_
2017-04-17 07:57:54.721|INFO|checkVariable|/Volumes/schalllab/data/Quincy/TL/Matlab/Q030707001-JC_MG.mat - FixOn_
2017-04-17 07:57:54.758|INFO|checkVariable|/Volumes/schalllab/data/Quincy/TL/Matlab/Q030807001-JC_MG.mat - FixOn_
2017-04-17 07:57:54.815|INFO|checkVariable|/Volumes/schalllab/data/Quincy/TL/Matlab/Q030907002-JC_MG.mat - FixOn_
2017-04-17 07:57:54.856|INFO|checkVariable|/Volumes/schalllab/data/Quincy/TL/Matlab/Q030907003-JC_MG.mat - FixOn_
2017-04-17 07:57:54.911|INFO|checkVariable|/Volumes/schalllab/data/Quincy/TL/Matlab/Q031406002-JC_MG.mat - FixOn_
2017-04-17 07:57:54.950|INFO|checkVariable|/Volumes/schalllab/data/Quincy/TL/Matlab/Q031408001-JC_MG.mat - FixOn_
2017-04-17 07:57:55.013|INFO|checkVariable|/Volumes/schalllab/data/Quincy/TL/Matlab/Q031506002-JC_MG.mat - FixOn_
2017-04-17 07:57:55.084|INFO|checkVariable|/Volumes/schalllab/data/Quincy/TL/Matlab/Q031607002-JC_MG.mat - FixOn_
2017-04-17 07:57:55.142|INFO|checkVariable|/Volumes/schalllab/data/Quincy/TL/Matlab/Q031706001-JC_MG.mat - FixOn_
2017-04-17 07:57:55.192|INFO|checkVariable|/Volumes/schalllab/data/Quincy/TL/Matlab/Q031706004-JC_MG.mat - FixOn_
2017-04-17 07:57:55.247|INFO|checkVariable|/Volumes/schalllab/data/Quincy/TL/Matlab/Q031907001-JC_MG.mat - FixOn_
2017-04-17 07:57:55.321|INFO|checkVariable|/Volumes/schalllab/data/Quincy/TL/Matlab/Q032006001-JC_MG.mat - FixOn_
2017-04-17 07:57:55.423|INFO|checkVariable|/Volumes/schalllab/data/Quincy/TL/Matlab/Q032307002-JC_MG.mat - FixOn_
2017-04-17 07:57:55.529|INFO|checkVariable|/Volumes/schalllab/data/Quincy/TL/Matlab/Q032407001-JC_MG.mat - FixOn_
2017-04-17 07:57:55.638|INFO|checkVariable|/Volumes/schalllab/data/Quincy/TL/Matlab/Q032407002-JC_MG.mat - FixOn_
2017-04-17 07:57:55.739|INFO|checkVariable|/Volumes/schalllab/data/Quincy/TL/Matlab/Q032608001-JC_MG.mat - FixOn_
2017-04-17 07:57:55.814|INFO|checkVariable|/Volumes/schalllab/data/Quincy/TL/Matlab/Q032806002-JC_MG.mat - FixOn_
2017-04-17 07:57:55.913|INFO|checkVariable|/Volumes/schalllab/data/Quincy/TL/Matlab/Q032906003-JC_MG.mat - FixOn_
2017-04-17 07:57:56.002|INFO|checkVariable|/Volumes/schalllab/data/Quincy/TL/Matlab/Q032906007-JC_MG.mat - FixOn_
2017-04-17 07:57:56.046|INFO|checkVariable|/Volumes/schalllab/data/Quincy/TL/Matlab/Q033106001-JC_MG.mat - FixOn_
2017-04-17 07:57:56.062|INFO|checkVariable|/Volumes/schalllab/data/Quincy/TL/Matlab/Q033106002-JC_MG.mat - FixOn_
2017-04-17 07:57:56.078|INFO|checkVariable|/Volumes/schalllab/data/Quincy/TL/Matlab/Q040406001-JC_MG.mat - FixOn_
2017-04-17 07:57:56.093|INFO|checkVariable|/Volumes/schalllab/data/Quincy/TL/Matlab/Q040506001-JC_MG.mat - FixOn_
2017-04-17 07:57:56.108|INFO|checkVariable|/Volumes/schalllab/data/Quincy/TL/Matlab/Q041206001-JC_MG.mat - FixOn_
2017-04-17 07:57:56.120|INFO|checkVariable|/Volumes/schalllab/data/Quincy/TL/Matlab/Q041306001-JC_MG.mat - FixOn_
2017-04-17 07:57:56.135|INFO|checkVariable|/Volumes/schalllab/data/Quincy/TL/Matlab/Q042506002-JC_MG.mat - FixOn_
2017-04-17 07:57:56.149|INFO|checkVariable|/Volumes/schalllab/data/Quincy/TL/Matlab/Q042606001-JC_MG.mat - FixOn_
2017-04-17 07:57:56.164|INFO|checkVariable|/Volumes/schalllab/data/Quincy/TL/Matlab/Q042806002-JC_MG.mat - FixOn_
2017-04-17 07:57:56.183|INFO|checkVariable|/Volumes/schalllab/data/Quincy/TL/Matlab/Q051606001-JC_MG.mat - FixOn_
2017-04-17 07:57:56.198|INFO|checkVariable|/Volumes/schalllab/data/Quincy/TL/Matlab/Q051706002-JC_MG.mat - FixOn_
2017-04-17 07:57:56.214|INFO|checkVariable|/Volumes/schalllab/data/Quincy/TL/Matlab/Q052306001-JC_MG.mat - FixOn_
2017-04-17 07:57:56.240|INFO|checkVariable|/Volumes/schalllab/data/Quincy/TL/Matlab/Q052405001-RH_MG.mat - FixOn_
2017-04-17 07:57:56.254|INFO|checkVariable|/Volumes/schalllab/data/Quincy/TL/Matlab/Q052506001-RH_MG.mat - FixOn_
2017-04-17 07:57:56.267|INFO|checkVariable|/Volumes/schalllab/data/Quincy/TL/Matlab/Q052507002-JC_MG.mat - FixOn_
2017-04-17 07:57:56.292|INFO|checkVariable|/Volumes/schalllab/data/Quincy/TL/Matlab/Q053005001-JC_MG.mat - FixOn_
2017-04-17 07:57:56.311|INFO|checkVariable|/Volumes/schalllab/data/Quincy/TL/Matlab/Q053005002-JC_MG.mat - FixOn_
2017-04-17 07:57:56.324|INFO|checkVariable|/Volumes/schalllab/data/Quincy/TL/Matlab/Q053005004-JC_MG.mat - FixOn_
2017-04-17 07:57:56.350|INFO|checkVariable|/Volumes/schalllab/data/Quincy/TL/Matlab/Q053105003-RH_MG.mat - FixOn_
2017-04-17 07:57:56.364|INFO|checkVariable|/Volumes/schalllab/data/Quincy/TL/Matlab/Q053106001-JC_MG.mat - FixOn_
2017-04-17 07:57:56.402|INFO|checkVariable|/Volumes/schalllab/data/Quincy/TL/Matlab/Q053107001-JC_MG.mat - FixOn_
2017-04-17 07:57:56.417|INFO|checkVariable|/Volumes/schalllab/data/Quincy/TL/Matlab/Q060107001-JC_MG.mat - FixOn_
2017-04-17 07:57:56.432|INFO|checkVariable|/Volumes/schalllab/data/Quincy/TL/Matlab/Q060205002-JC_MG.mat - FixOn_
2017-04-17 07:57:56.456|INFO|checkVariable|/Volumes/schalllab/data/Quincy/TL/Matlab/Q060407001-JC_MG.mat - FixOn_
2017-04-17 07:57:56.496|INFO|checkVariable|/Volumes/schalllab/data/Quincy/TL/Matlab/Q060605002-JC_MG.mat - FixOn_
2017-04-17 07:57:56.509|INFO|checkVariable|/Volumes/schalllab/data/Quincy/TL/Matlab/Q060607001-JC_MG.mat - FixOn_
2017-04-17 07:57:56.539|INFO|checkVariable|/Volumes/schalllab/data/Quincy/TL/Matlab/Q060707001-JC_MG.mat - FixOn_
2017-04-17 07:57:56.553|INFO|checkVariable|/Volumes/schalllab/data/Quincy/TL/Matlab/Q060805001-JC_MG.mat - FixOn_
2017-04-17 07:57:56.564|INFO|checkVariable|/Volumes/schalllab/data/Quincy/TL/Matlab/Q060805002-JC_MG.mat - FixOn_
2017-04-17 07:57:56.579|INFO|checkVariable|/Volumes/schalllab/data/Quincy/TL/Matlab/Q061208002-JC_MG.mat - FixOn_
2017-04-17 07:57:56.593|INFO|checkVariable|/Volumes/schalllab/data/Quincy/TL/Matlab/Q061307001-JC_MG.mat - FixOn_
2017-04-17 07:57:56.656|INFO|checkVariable|/Volumes/schalllab/data/Quincy/TL/Matlab/Q061507001-JC_MG.mat - FixOn_
2017-04-17 07:57:56.713|INFO|checkVariable|/Volumes/schalllab/data/Quincy/TL/Matlab/Q061605001-JC_MG.mat - FixOn_
2017-04-17 07:57:56.727|INFO|checkVariable|/Volumes/schalllab/data/Quincy/TL/Matlab/Q061605002-JC_MG.mat - FixOn_
2017-04-17 07:57:56.777|INFO|checkVariable|/Volumes/schalllab/data/Quincy/TL/Matlab/Q061705001-JC_MG.mat - FixOn_
2017-04-17 07:57:56.803|INFO|checkVariable|/Volumes/schalllab/data/Quincy/TL/Matlab/Q061807001-JC_MG.mat - FixOn_
2017-04-17 07:57:56.845|INFO|checkVariable|/Volumes/schalllab/data/Quincy/TL/Matlab/Q062105003-JC_MG.mat - FixOn_
2017-04-17 07:57:56.868|INFO|checkVariable|/Volumes/schalllab/data/Quincy/TL/Matlab/Q062205001-JC_MG.mat - FixOn_
2017-04-17 07:57:56.952|INFO|checkVariable|/Volumes/schalllab/data/Quincy/TL/Matlab/Q062205002-JC_MG.mat - FixOn_
2017-04-17 07:57:57.038|INFO|checkVariable|/Volumes/schalllab/data/Quincy/TL/Matlab/Q062305001-JC_MG.mat - FixOn_
2017-04-17 07:57:57.128|INFO|checkVariable|/Volumes/schalllab/data/Quincy/TL/Matlab/Q062305002-JC_MG.mat - FixOn_
2017-04-17 07:57:57.207|INFO|checkVariable|/Volumes/schalllab/data/Quincy/TL/Matlab/Q062405004-RH_MG.mat - FixOn_
2017-04-17 07:57:57.330|INFO|checkVariable|/Volumes/schalllab/data/Quincy/TL/Matlab/Q062705002-JC_MG.mat - FixOn_
2017-04-17 07:57:57.423|INFO|checkVariable|/Volumes/schalllab/data/Quincy/TL/Matlab/Q062705004-JC_MG.mat - FixOn_
2017-04-17 07:57:57.501|INFO|checkVariable|/Volumes/schalllab/data/Quincy/TL/Matlab/Q062805002-JC_MG.mat - FixOn_
2017-04-17 07:57:57.547|INFO|checkVariable|/Volumes/schalllab/data/Quincy/TL/Matlab/Q062805003-JC_MG.mat - FixOn_
2017-04-17 07:57:57.602|INFO|checkVariable|/Volumes/schalllab/data/Quincy/TL/Matlab/Q062905001-JC_MG.mat - FixOn_
2017-04-17 07:57:57.650|INFO|checkVariable|/Volumes/schalllab/data/Quincy/TL/Matlab/Q063005001-RH_MG.mat - FixOn_
2017-04-17 07:57:57.710|INFO|checkVariable|/Volumes/schalllab/data/Quincy/TL/Matlab/Q070105002-JC_MG.mat - FixOn_
2017-04-17 07:57:57.779|INFO|checkVariable|/Volumes/schalllab/data/Quincy/TL/Matlab/Q070105003-JC_MG.mat - FixOn_
2017-04-17 07:57:57.802|INFO|checkVariable|/Volumes/schalllab/data/Quincy/TL/Matlab/Q070105004-JC_MG.mat - FixOn_
2017-04-17 07:57:57.829|INFO|checkVariable|/Volumes/schalllab/data/Quincy/TL/Matlab/Q070505002-JC_MG.mat - FixOn_
2017-04-17 07:57:57.922|INFO|checkVariable|/Volumes/schalllab/data/Quincy/TL/Matlab/Q070705001-RH_MG.mat - FixOn_
2017-04-17 07:57:57.961|INFO|checkVariable|/Volumes/schalllab/data/Quincy/TL/Matlab/Q071105001-JC_MG.mat - FixOn_
2017-04-17 07:57:57.990|INFO|checkVariable|/Volumes/schalllab/data/Quincy/TL/Matlab/Q071205003-JC_MG.mat - FixOn_
2017-04-17 07:57:58.007|INFO|checkVariable|/Volumes/schalllab/data/Quincy/TL/Matlab/Q071207001-JC_MG.mat - FixOn_
2017-04-17 07:57:58.042|INFO|checkVariable|/Volumes/schalllab/data/Quincy/TL/Matlab/Q071305001-JC_MG.mat - FixOn_
2017-04-17 07:57:58.122|INFO|checkVariable|/Volumes/schalllab/data/Quincy/TL/Matlab/Q071305002-JC_MG.mat - FixOn_
2017-04-17 07:57:58.158|INFO|checkVariable|/Volumes/schalllab/data/Quincy/TL/Matlab/Q071405001-JC_MG.mat - FixOn_
2017-04-17 07:57:58.211|INFO|checkVariable|/Volumes/schalllab/data/Quincy/TL/Matlab/Q071807001-JC_MG.mat - FixOn_
2017-04-17 07:57:58.266|INFO|checkVariable|/Volumes/schalllab/data/Quincy/TL/Matlab/Q072007001-JC_MG.mat - FixOn_
2017-04-17 07:57:58.303|INFO|checkVariable|/Volumes/schalllab/data/Quincy/TL/Matlab/Q072505001-JC_MG.mat - FixOn_
2017-04-17 07:57:58.358|INFO|checkVariable|/Volumes/schalllab/data/Quincy/TL/Matlab/Q072505003-JC_MG.mat - FixOn_
2017-04-17 07:57:58.407|INFO|checkVariable|/Volumes/schalllab/data/Quincy/TL/Matlab/Q072605007-JC_MG.mat - FixOn_
2017-04-17 07:57:58.448|INFO|checkVariable|/Volumes/schalllab/data/Quincy/TL/Matlab/Q080105001-JC_MG.mat - FixOn_
2017-04-17 07:57:58.484|INFO|checkVariable|/Volumes/schalllab/data/Quincy/TL/Matlab/Q080205001-JC_MG.mat - FixOn_
2017-04-17 07:57:58.532|INFO|checkVariable|/Volumes/schalllab/data/Quincy/TL/Matlab/Q080205002-JC_MG.mat - FixOn_
2017-04-17 07:57:58.577|INFO|checkVariable|/Volumes/schalllab/data/Quincy/TL/Matlab/Q080305006-JC_MG.mat - FixOn_
2017-04-17 07:57:58.648|INFO|checkVariable|/Volumes/schalllab/data/Quincy/TL/Matlab/Q080405002-JC_MG.mat - FixOn_
2017-04-17 07:57:58.709|INFO|checkVariable|/Volumes/schalllab/data/Quincy/TL/Matlab/Q080505003-JC_MG.mat - FixOn_
2017-04-17 07:57:58.733|INFO|checkVariable|/Volumes/schalllab/data/Quincy/TL/Matlab/Q080505005-JC_MG.mat - FixOn_
2017-04-17 07:57:58.784|INFO|checkVariable|/Volumes/schalllab/data/Quincy/TL/Matlab/Q091708001-JC_MG.mat - FixOn_
2017-04-17 07:57:58.847|INFO|checkVariable|/Volumes/schalllab/data/Quincy/TL/Matlab/Q091908001-JC_MG.mat - FixOn_
2017-04-17 07:57:58.915|INFO|checkVariable|/Volumes/schalllab/data/Quincy/TL/Matlab/Q092208001-JC_MG.mat - FixOn_
2017-04-17 07:57:59.007|INFO|checkVariable|/Volumes/schalllab/data/Quincy/TL/Matlab/Q092408002-JC_MG.mat - FixOn_
2017-04-17 07:57:59.058|INFO|checkVariable|/Volumes/schalllab/data/Quincy/TL/Matlab/Q092607001-JC_MG.mat - FixOn_
2017-04-17 07:57:59.217|INFO|checkVariable|/Volumes/schalllab/data/Quincy/TL/Matlab/Q092608002-JC_MG.mat - FixOn_
2017-04-17 07:57:59.280|INFO|checkVariable|/Volumes/schalllab/data/Quincy/TL/Matlab/Q092707001-JC_MG.mat - FixOn_
2017-04-17 07:57:59.356|INFO|checkVariable|/Volumes/schalllab/data/Quincy/TL/Matlab/Q092807001-JC_MG.mat - FixOn_
2017-04-17 07:57:59.434|INFO|checkVariable|/Volumes/schalllab/data/Quincy/TL/Matlab/Q092908001-JC_MG.mat - FixOn_
2017-04-17 07:57:59.508|INFO|checkVariable|/Volumes/schalllab/data/Quincy/TL/Matlab/Q121007001-JC_MG.mat - FixOn_
2017-04-17 07:57:59.538|INFO|checkVariable|/Volumes/schalllab/data/Quincy/TL/Matlab/Q121407001-JC_MG.mat - FixOn_
2017-04-17 07:57:59.559|INFO|checkVariable|/Volumes/schalllab/data/Quincy/TL/Matlab/Q122007001-JC_MG.mat - FixOn_
2017-04-17 07:57:59.577|INFO|checkVariable|/Volumes/schalllab/data/Quincy/TLmicrostim/Matlab/Q052009001-RH_MG.mat - FixOn_
2017-04-17 07:57:59.593|INFO|checkVariable|/Volumes/schalllab/data/Quincy/TLmicrostim/Matlab/Q052209002-RH_MG.mat - FixOn_
2017-04-17 07:57:59.606|INFO|checkVariable|/Volumes/schalllab/data/Quincy/TLmicrostim/Matlab/Q080609003-JC_MG.mat - FixOn_
2017-04-17 07:57:59.625|INFO|checkVariable|/Volumes/schalllab/data/Quincy/TLmicrostim/Matlab/Q090309004-JC_MG.mat - FixOn_
2017-04-17 07:57:59.639|INFO|checkVariable|/Volumes/schalllab/data/Quincy/TLmicrostim/Matlab/Q111209001-JC_MG.mat - FixOn_
2017-04-17 07:57:59.666|INFO|checkVariable|/Volumes/schalllab/data/Quincy/PopOut/Matlab/Q012210001-BP_MG.mat - FixOn_
2017-04-17 07:57:59.680|INFO|checkVariable|/Volumes/schalllab/data/Quincy/PopOut/Matlab/Q030308001-JC_MG.mat - FixOn_
2017-04-17 07:57:59.707|INFO|checkVariable|/Volumes/schalllab/data/Quincy/PopOut/Matlab/Q030308002-JC_MG.mat - FixOn_
2017-04-17 07:57:59.755|INFO|checkVariable|/Volumes/schalllab/data/Quincy/PopOut/Matlab/Q030308003-JC_MG.mat - FixOn_
2017-04-17 07:57:59.827|INFO|checkVariable|/Volumes/schalllab/data/Quincy/PopOut/Matlab/Q030508001-JC_MG.mat - FixOn_
2017-04-17 07:57:59.897|INFO|checkVariable|/Volumes/schalllab/data/Quincy/PopOut/Matlab/Q031010001-BP_MG.mat - FixOn_
2017-04-17 07:57:59.954|INFO|checkVariable|/Volumes/schalllab/data/Quincy/PopOut/Matlab/Q031210001-RH_MG.mat - FixOn_
2017-04-17 07:58:00.048|INFO|checkVariable|/Volumes/schalllab/data/Quincy/PopOut/Matlab/Q031810001-RH_MG.mat - FixOn_
2017-04-17 07:58:00.111|INFO|checkVariable|/Volumes/schalllab/data/Quincy/PopOut/Matlab/Q031810002-RH_MG.mat - FixOn_
2017-04-17 07:58:00.171|INFO|checkVariable|/Volumes/schalllab/data/Quincy/PopOut/Matlab/Q031910001-RH_MG.mat - FixOn_
2017-04-17 07:58:00.333|INFO|checkVariable|/Volumes/schalllab/data/Quincy/PopOut/Matlab/Q032410001-BP_MG.mat - FixOn_
2017-04-17 07:58:00.458|INFO|checkVariable|/Volumes/schalllab/data/Quincy/PopOut/Matlab/Q032610001-RH_MG.mat - FixOn_
2017-04-17 07:58:00.558|INFO|checkVariable|/Volumes/schalllab/data/Quincy/PopOut/Matlab/Q032910001-RH_MG.mat - FixOn_
2017-04-17 07:58:00.677|INFO|checkVariable|/Volumes/schalllab/data/Quincy/PopOut/Matlab/Q033110001-BP_MG.mat - FixOn_
2017-04-17 07:58:00.735|INFO|checkVariable|/Volumes/schalllab/data/Quincy/PopOut/Matlab/Q040210003-BP_MG.mat - FixOn_
2017-04-17 07:58:00.775|INFO|checkVariable|/Volumes/schalllab/data/Quincy/PopOut/Matlab/Q111509001-BP_MG.mat - FixOn_
2017-04-17 07:58:00.833|INFO|checkVariable|/Volumes/schalllab/data/Quincy/PopOut/Matlab/Q120409001-BP_MG.mat - FixOn_
2017-04-17 07:58:00.910|INFO|checkVariable|/Volumes/schalllab/data/Quincy/PopOut/Matlab/Q120909001-BP_MG.mat - FixOn_
2017-04-17 07:58:01.028|INFO|checkVariable|/Volumes/schalllab/data/Quincy/PopOut/Matlab/Q121909001-BP_MG.mat - FixOn_
2017-04-17 07:58:01.105|INFO|checkVariable|/Volumes/schalllab/data/Quincy/PopOut/Matlab/Q122109002-BP_MG.mat - FixOn_
2017-04-17 07:58:01.138|INFO|checkVariable|/Volumes/schalllab/data/Quincy/PopOut/Matlab/Q122209002-BP_MG.mat - FixOn_
2017-04-17 07:58:01.163|INFO|checkVariable|/Volumes/schalllab/data/Quincy/PopOut/Matlab/Q122709001-BP_MG.mat - FixOn_
2017-04-17 07:58:01.194|INFO|checkVariable|/Volumes/schalllab/data/Quincy/PopOut/Matlab/Q123009001-BP_MG.mat - FixOn_
2017-04-17 07:58:01.248|INFO|checkVariable|/Volumes/schalllab/data/Quincy/OrientDiscrim/Matlab/Q082410001-RH_MG.mat - 
2017-04-17 07:58:01.291|INFO|checkVariable|/Volumes/schalllab/data/Seymour/SAT/Matlab/S030411001-RH_MG.mat - 
2017-04-17 07:58:01.330|INFO|checkVariable|/Volumes/schalllab/data/Seymour/SAT/Matlab/S030711001-RH_MG.mat - 
2017-04-17 07:58:01.368|INFO|checkVariable|/Volumes/schalllab/data/Seymour/SAT/Matlab/S030911001-RH_MG.mat - 
2017-04-17 07:58:01.453|INFO|checkVariable|/Volumes/schalllab/data/Seymour/SAT/Matlab/S032311001-RH_MG.mat - 
2017-04-17 07:58:01.591|INFO|checkVariable|/Volumes/schalllab/data/Seymour/SAT/Matlab/S032511001-RH_MG.mat - 
2017-04-17 07:58:01.828|INFO|checkVariable|/Volumes/schalllab/data/Seymour/SAT/Matlab/S033111001-RH_MG.mat - 
2017-04-17 07:58:01.907|INFO|checkVariable|/Volumes/schalllab/data/Seymour/SAT/Matlab/S040611001-RH_MG.mat - 
2017-04-17 07:58:02.087|INFO|checkVariable|/Volumes/schalllab/data/Seymour/SAT/Matlab/S040711001-RH_MG.mat - 
2017-04-17 07:58:02.231|INFO|checkVariable|/Volumes/schalllab/data/Seymour/SAT/Matlab/S041111001-RH_MG.mat - 
2017-04-17 07:58:02.364|INFO|checkVariable|/Volumes/schalllab/data/Seymour/SAT/Matlab/S041311001-RH_MG.mat - 
2017-04-17 07:58:02.492|INFO|checkVariable|/Volumes/schalllab/data/Seymour/SAT/Matlab/S041511001-RH_MG.mat - 
2017-04-17 07:58:02.619|INFO|checkVariable|/Volumes/schalllab/data/Seymour/SAT/Matlab/S041811001-RH_MG.mat - 
2017-04-17 07:58:02.688|INFO|checkVariable|/Volumes/schalllab/data/Seymour/SAT/Matlab/S042511001-RH_MG.mat - 
2017-04-17 07:58:02.751|INFO|checkVariable|/Volumes/schalllab/data/Seymour/SAT/Matlab/S042911001-RH_MG.mat - 
2017-04-17 07:58:02.853|INFO|checkVariable|/Volumes/schalllab/data/Seymour/SAT/Matlab/S050211001-RH_MG.mat - 
2017-04-17 07:58:02.998|INFO|checkVariable|/Volumes/schalllab/data/Seymour/SAT/Matlab/S051811001-RH_MG.mat - 
2017-04-17 07:58:03.158|INFO|checkVariable|/Volumes/schalllab/data/Seymour/SAT/Matlab/S051811001_MG.mat - 
2017-04-17 07:58:03.296|INFO|checkVariable|/Volumes/schalllab/data/Seymour/SAT/Matlab/S052011001-RH_MG.mat - 
2017-04-17 07:58:03.364|INFO|checkVariable|/Volumes/schalllab/data/Seymour/TL/MatLab/S011408001-RH_MG.mat - FixOn_
2017-04-17 07:58:03.465|INFO|checkVariable|/Volumes/schalllab/data/Seymour/TL/MatLab/S011508001-RH_MG.mat - FixOn_
2017-04-17 07:58:03.545|INFO|checkVariable|/Volumes/schalllab/data/Seymour/TL/MatLab/S011608001-RH_MG.mat - FixOn_
2017-04-17 07:58:03.605|INFO|checkVariable|/Volumes/schalllab/data/Seymour/TL/MatLab/S011608002-RH_MG.mat - FixOn_
2017-04-17 07:58:03.678|INFO|checkVariable|/Volumes/schalllab/data/Seymour/TL/MatLab/S011708001-RH_MG.mat - FixOn_
2017-04-17 07:58:03.739|INFO|checkVariable|/Volumes/schalllab/data/Seymour/TL/MatLab/S012308001-RH_MG.mat - FixOn_
2017-04-17 07:58:03.871|INFO|checkVariable|/Volumes/schalllab/data/Seymour/TL/MatLab/S012408001-RH_MG.mat - FixOn_
2017-04-17 07:58:04.033|INFO|checkVariable|/Volumes/schalllab/data/Seymour/TL/MatLab/S012508001-RH_MG.mat - FixOn_
2017-04-17 07:58:04.107|INFO|checkVariable|/Volumes/schalllab/data/Seymour/TL/MatLab/S013008001-RH_MG.mat - FixOn_
2017-04-17 07:58:04.376|INFO|checkVariable|/Volumes/schalllab/data/Seymour/TL/MatLab/S013008002-RH_MG.mat - FixOn_
2017-04-17 07:58:04.460|INFO|checkVariable|/Volumes/schalllab/data/Seymour/TL/MatLab/S020108001-RH_MG.mat - FixOn_
2017-04-17 07:58:04.527|INFO|checkVariable|/Volumes/schalllab/data/Seymour/TL/MatLab/S020108002-RH_MG.mat - FixOn_
2017-04-17 07:58:04.566|INFO|checkVariable|/Volumes/schalllab/data/Seymour/TL/MatLab/S020108003-RH_MG.mat - FixOn_
2017-04-17 07:58:04.604|INFO|checkVariable|/Volumes/schalllab/data/Seymour/TL/MatLab/S021108001-RH_MG.mat - FixOn_
2017-04-17 07:58:04.622|INFO|checkVariable|/Volumes/schalllab/data/Seymour/TL/MatLab/S021308001-RH_MG.mat - FixOn_
2017-04-17 07:58:04.714|INFO|checkVariable|/Volumes/schalllab/data/Seymour/TL/MatLab/S021308002-RH_MG.mat - FixOn_
2017-04-17 07:58:04.779|INFO|checkVariable|/Volumes/schalllab/data/Seymour/TL/MatLab/S021408001-RH_MG.mat - FixOn_
2017-04-17 07:58:04.813|INFO|checkVariable|/Volumes/schalllab/data/Seymour/TL/MatLab/S041708001-RH_MG.mat - FixOn_
2017-04-17 07:58:04.891|INFO|checkVariable|/Volumes/schalllab/data/Seymour/TL/MatLab/S041708002-RH_MG.mat - FixOn_
2017-04-17 07:58:04.945|INFO|checkVariable|/Volumes/schalllab/data/Seymour/TL/MatLab/S042308001-RH_MG.mat - FixOn_
2017-04-17 07:58:04.992|INFO|checkVariable|/Volumes/schalllab/data/Seymour/TL/MatLab/S042308002-RH_MG.mat - FixOn_
2017-04-17 07:58:05.013|INFO|checkVariable|/Volumes/schalllab/data/Seymour/TL/MatLab/S051608001-RH_MG.mat - FixOn_
2017-04-17 07:58:05.038|INFO|checkVariable|/Volumes/schalllab/data/Seymour/TL/MatLab/S051908003-RH_MG.mat - FixOn_
2017-04-17 07:58:05.110|INFO|checkVariable|/Volumes/schalllab/data/Seymour/TL/MatLab/S052108001-RH_MG.mat - FixOn_
2017-04-17 07:58:05.191|INFO|checkVariable|/Volumes/schalllab/data/Seymour/TL/MatLab/S052208002-RH_MG.mat - FixOn_
2017-04-17 07:58:05.275|INFO|checkVariable|/Volumes/schalllab/data/Seymour/TL/MatLab/S052308002-RH_MG.mat - FixOn_
2017-04-17 07:58:05.348|INFO|checkVariable|/Volumes/schalllab/data/Seymour/TL/MatLab/S052808002-RH_MG.mat - FixOn_
2017-04-17 07:58:05.441|INFO|checkVariable|/Volumes/schalllab/data/Seymour/TL/MatLab/S052908001-RH_MG.mat - FixOn_
2017-04-17 07:58:05.506|INFO|checkVariable|/Volumes/schalllab/data/Seymour/TL/MatLab/S053008001-RH_MG.mat - FixOn_
2017-04-17 07:58:05.591|INFO|checkVariable|/Volumes/schalllab/data/Seymour/TL/MatLab/S060508001-RH_MG.mat - FixOn_
2017-04-17 07:58:05.665|INFO|checkVariable|/Volumes/schalllab/data/Seymour/TL/MatLab/S062508001-RH_MG.mat - FixOn_
2017-04-17 07:58:05.835|INFO|checkVariable|/Volumes/schalllab/data/Seymour/TL/MatLab/S073108002-RH_MG.mat - FixOn_
2017-04-17 07:58:05.922|INFO|checkVariable|/Volumes/schalllab/data/Seymour/TL/MatLab/S082708001-RH_MG.mat - FixOn_
2017-04-17 07:58:06.042|INFO|checkVariable|/Volumes/schalllab/data/Seymour/TL/MatLab/S090308001-RH_MG.mat - FixOn_
2017-04-17 07:58:06.121|INFO|checkVariable|/Volumes/schalllab/data/Seymour/TL/MatLab/S090508001-RH_MG.mat - FixOn_
2017-04-17 07:58:06.261|INFO|checkVariable|/Volumes/schalllab/data/Seymour/TL/MatLab/S090808001-RH_MG.mat - FixOn_
2017-04-17 07:58:06.332|INFO|checkVariable|/Volumes/schalllab/data/Seymour/TL/MatLab/S091008001-RH_MG.mat - FixOn_
2017-04-17 07:58:06.418|INFO|checkVariable|/Volumes/schalllab/data/Seymour/TL/MatLab/S091208001-RH_MG.mat - FixOn_
2017-04-17 07:58:06.458|INFO|checkVariable|/Volumes/schalllab/data/Seymour/TL/MatLab/S110707001-RH_MG.mat - FixOn_
2017-04-17 07:58:06.541|INFO|checkVariable|/Volumes/schalllab/data/Seymour/TL/MatLab/S110807001-RH_MG.mat - FixOn_
2017-04-17 07:58:06.656|INFO|checkVariable|/Volumes/schalllab/data/Seymour/TL/MatLab/S110907001-RH_MG.mat - FixOn_
2017-04-17 07:58:06.749|INFO|checkVariable|/Volumes/schalllab/data/Seymour/TL/MatLab/S110907002-RH_MG.mat - FixOn_
2017-04-17 07:58:06.765|INFO|checkVariable|/Volumes/schalllab/data/Seymour/TL/MatLab/S110907003-RH_MG.mat - FixOn_
2017-04-17 07:58:06.789|INFO|checkVariable|/Volumes/schalllab/data/Seymour/TL/MatLab/S111207001-RH_MG.mat - FixOn_
2017-04-17 07:58:06.813|INFO|checkVariable|/Volumes/schalllab/data/Seymour/TL/MatLab/S111207002-RH_MG.mat - FixOn_
2017-04-17 07:58:06.854|INFO|checkVariable|/Volumes/schalllab/data/Seymour/TLmicrostim/Matlab/S031909001-RH_MG.mat - FixOn_
2017-04-17 07:58:06.946|INFO|checkVariable|/Volumes/schalllab/data/Seymour/TLmicrostim/Matlab/S033009001-RH_MG.mat - FixOn_
2017-04-17 07:58:07.022|INFO|checkVariable|/Volumes/schalllab/data/Seymour/TLmicrostim/Matlab/S050109001-RH_MG.mat - FixOn_
2017-04-17 07:58:07.139|INFO|checkVariable|/Volumes/schalllab/data/Seymour/TLmicrostim/Matlab/S050409001-RH_MG.mat - FixOn_
2017-04-17 07:58:07.268|INFO|checkVariable|/Volumes/schalllab/data/Seymour/TLmicrostim/Matlab/S051409002-RH_MG.mat - FixOn_
2017-04-17 07:58:07.430|INFO|checkVariable|/Volumes/schalllab/data/Seymour/TLmicrostim/Matlab/S051809001-RH_MG.mat - FixOn_
2017-04-17 07:58:07.517|INFO|checkVariable|/Volumes/schalllab/data/Seymour/TLmicrostim/Matlab/S052109001-RH_MG.mat - FixOn_
2017-04-17 07:58:07.591|INFO|checkVariable|/Volumes/schalllab/data/Seymour/TLmicrostim/Matlab/S090209003-RH_MG.mat - FixOn_
2017-04-17 07:58:07.750|INFO|checkVariable|/Volumes/schalllab/data/Seymour/TLmicrostim/Matlab/S090909001-RH_MG.mat - FixOn_
2017-04-17 07:58:07.826|INFO|checkVariable|/Volumes/schalllab/data/Seymour/TLmicrostim/Matlab/S091609001-RH_MG.mat - FixOn_
2017-04-17 07:58:07.899|INFO|checkVariable|/Volumes/schalllab/data/Seymour/TLmicrostim/Matlab/S110209001-RH_MG.mat - FixOn_
2017-04-17 07:58:07.922|INFO|checkVariable|/Volumes/schalllab/data/Seymour/TLmicrostim/Matlab/S110909001-RH_MG.mat - FixOn_
2017-04-17 07:58:07.961|INFO|checkVariable|/Volumes/schalllab/data/Seymour/TLmicrostim/Matlab/S111609001-RH_MG.mat - FixOn_
2017-04-17 07:58:08.035|INFO|checkVariable|/Volumes/schalllab/data/Seymour/TLmicrostim/Matlab/S112309001-RH_MG.mat - FixOn_
2017-04-17 07:58:08.115|INFO|checkVariable|/Volumes/schalllab/data/Seymour/TLmicrostim/Matlab/S121109001-RH_MG.mat - FixOn_
2017-04-17 07:58:08.253|INFO|checkVariable|/Volumes/schalllab/data/Seymour/Pop-out/Matlab/S010511001-BP_MG.mat - FixOn_
2017-04-17 07:58:08.330|INFO|checkVariable|/Volumes/schalllab/data/Seymour/Pop-out/Matlab/S031710001-BP_MG.mat - FixOn_
2017-04-17 07:58:08.429|INFO|checkVariable|/Volumes/schalllab/data/Seymour/Pop-out/Matlab/S032010001-BP_MG.mat - FixOn_
2017-04-17 07:58:08.518|INFO|checkVariable|/Volumes/schalllab/data/Seymour/Pop-out/Matlab/S091809002-BP_MG.mat - FixOn_
2017-04-17 07:58:08.620|INFO|checkVariable|/Volumes/schalllab/data/Seymour/Pop-out/Matlab/S092309003-BP_MG.mat - FixOn_
2017-04-17 07:58:08.728|INFO|checkVariable|/Volumes/schalllab/data/Seymour/Pop-out/Matlab/S100209002-BP_MG.mat - FixOn_
2017-04-17 07:58:08.786|INFO|checkVariable|/Volumes/schalllab/data/Seymour/Pop-out/Matlab/S100709003-BP_MG.mat - FixOn_
2017-04-17 07:58:08.859|INFO|checkVariable|/Volumes/schalllab/data/Seymour/Pop-out/Matlab/S101609001-BP_MG.mat - FixOn_
2017-04-17 07:58:08.921|INFO|checkVariable|/Volumes/schalllab/data/Seymour/Pop-out/Matlab/S102109001-BP_MG.mat - FixOn_
2017-04-17 07:58:08.992|INFO|checkVariable|/Volumes/schalllab/data/Seymour/Pop-out/Matlab/S102309001-BP_MG.mat - FixOn_
2017-04-17 07:58:09.074|INFO|checkVariable|/Volumes/schalllab/data/Seymour/Pop-out/Matlab/S102809001-BP_MG.mat - FixOn_
2017-04-17 07:58:09.137|INFO|checkVariable|/Volumes/schalllab/data/Seymour/Pop-out/Matlab/S103009001-BP_MG.mat - FixOn_
2017-04-17 07:58:09.193|INFO|checkVariable|/Volumes/schalllab/data/Seymour/Pop-out/Matlab/S110609001-BP_MG.mat - FixOn_
2017-04-17 07:58:09.305|INFO|checkVariable|/Volumes/schalllab/data/Seymour/Pop-out/Matlab/S111809003-BP_MG.mat - FixOn_
2017-04-17 07:58:09.369|INFO|checkVariable|/Volumes/schalllab/data/Seymour/Pop-out/Matlab/S120209001-BP_MG.mat - FixOn_
2017-04-17 07:58:09.693|INFO|checkVariable|/Volumes/schalllab/data/Xena/Plexon/xp036n01.mat - fixOn
2017-04-17 07:58:10.359|INFO|checkVariable|/Volumes/schalllab/data/Xena/Plexon/xp038n01.mat - fixOn
2017-04-17 07:58:11.957|INFO|checkVariable|/Volumes/schalllab/data/Xena/Plexon/xp039n01.mat - fixOn
2017-04-17 07:58:12.297|INFO|checkVariable|/Volumes/schalllab/data/Xena/Plexon/xp040n01.mat - fixOn
2017-04-17 07:58:12.914|INFO|checkVariable|/Volumes/schalllab/data/Xena/Plexon/xp041n01.mat - fixOn
2017-04-17 07:58:14.535|INFO|checkVariable|/Volumes/schalllab/data/Xena/Plexon/xp042n01.mat - fixOn
2017-04-17 07:58:14.933|INFO|checkVariable|/Volumes/schalllab/data/Xena/Plexon/xp043n01.mat - fixOn
2017-04-17 07:58:15.337|INFO|checkVariable|/Volumes/schalllab/data/Xena/Plexon/xp046n01.mat - fixOn
2017-04-17 07:58:15.677|INFO|checkVariable|/Volumes/schalllab/data/Xena/Plexon/xp047n01.mat - fixOn
2017-04-17 07:58:15.925|INFO|checkVariable|/Volumes/schalllab/data/Xena/Plexon/xp048n01.mat - fixOn
2017-04-17 07:58:16.278|INFO|checkVariable|/Volumes/schalllab/data/Xena/Plexon/xp049n01.mat - fixOn
2017-04-17 07:58:16.685|INFO|checkVariable|/Volumes/schalllab/data/Xena/Plexon/xp052n01.mat - fixOn
2017-04-17 07:58:17.013|INFO|checkVariable|/Volumes/schalllab/data/Xena/Plexon/xp053n01.mat - fixOn
2017-04-17 07:58:17.374|INFO|checkVariable|/Volumes/schalllab/data/Xena/Plexon/xp054n01.mat - fixOn
2017-04-17 07:58:17.616|INFO|checkVariable|/Volumes/schalllab/data/Xena/Plexon/xp084n01.mat - fixOn
2017-04-17 07:58:17.872|INFO|checkVariable|/Volumes/schalllab/data/Xena/Plexon/xp085n01.mat - fixOn
2017-04-17 07:58:18.061|INFO|checkVariable|/Volumes/schalllab/data/Xena/Plexon/xp087n01.mat - fixOn
